<?xml version="1.0" encoding="UTF-8"?>
<!-- Generated by org.testng.reporters.JUnitXMLReporter -->
<testsuite hostname="LP1-AP-51685370" ignored="0" name="Command line test" tests="8" failures="0" timestamp="2020-05-07T17:06:43 IST" time="151.12" errors="0">
  <testcase name="validCredentialTest" time="14.259" classname="com.hcl.magentotest.LoginTest"/>
  <testcase name="invlaidCredentialTest" time="10.31" classname="com.hcl.magentotest.LoginTest"/>
  <testcase name="invlaidCredentialTest" time="18.715" classname="com.hcl.magentotest.LoginTest"/>
  <testcase name="invlaidCredentialTest" time="10.11" classname="com.hcl.magentotest.LoginTest"/>
  <testcase name="invlaidCredentialTest" time="15.874" classname="com.hcl.magentotest.LoginTest"/>
  <testcase name="invlaidCredentialTest" time="10.449" classname="com.hcl.magentotest.LoginTest"/>
  <testcase name="RegistrationTest" time="5.191" classname="com.hcl.magentotest.RegiserTest"/>
  <testcase name="RegistrationTest" time="4.836" classname="com.hcl.magentotest.RegiserTest"/>
</testsuite> <!-- Command line test -->
