<?xml version="1.0" encoding="UTF-8"?>
<testng-results skipped="0" failed="0" ignored="0" total="8" passed="8">
  <reporter-output>
  </reporter-output>
  <suite name="Command line suite" duration-ms="151120" started-at="2020-05-07T17:04:12 IST" finished-at="2020-05-07T17:06:43 IST">
    <groups>
    </groups>
    <test name="Command line test" duration-ms="151120" started-at="2020-05-07T17:04:12 IST" finished-at="2020-05-07T17:06:43 IST">
      <class name="com.hcl.magentotest.RegiserTest">
        <test-method status="PASS" signature="setup(java.lang.String)[pri:0, instance:com.hcl.magentotest.RegiserTest@72d818d1]" name="setup" is-config="true" duration-ms="7133" started-at="2020-05-07T17:06:18 IST" finished-at="2020-05-07T17:06:25 IST">
          <params>
            <param index="0">
              <value>
                <![CDATA[ch]]>
              </value>
            </param>
          </params>
          <reporter-output>
          </reporter-output>
        </test-method> <!-- setup -->
        <test-method status="PASS" signature="RegistrationTest(java.lang.String, java.lang.String, java.lang.String, java.lang.String)[pri:0, instance:com.hcl.magentotest.RegiserTest@72d818d1]" name="RegistrationTest" duration-ms="5191" started-at="2020-05-07T17:06:25 IST" data-provider="RegistrationData" finished-at="2020-05-07T17:06:30 IST">
          <params>
            <param index="0">
              <value>
                <![CDATA[karthik]]>
              </value>
            </param>
            <param index="1">
              <value>
                <![CDATA[bk]]>
              </value>
            </param>
            <param index="2">
              <value>
                <![CDATA[karthik@gmail.com]]>
              </value>
            </param>
            <param index="3">
              <value>
                <![CDATA[Tech Partner]]>
              </value>
            </param>
          </params>
          <reporter-output>
          </reporter-output>
        </test-method> <!-- RegistrationTest -->
        <test-method status="PASS" signature="tearDown()[pri:0, instance:com.hcl.magentotest.RegiserTest@72d818d1]" name="tearDown" is-config="true" duration-ms="745" started-at="2020-05-07T17:06:30 IST" finished-at="2020-05-07T17:06:31 IST">
          <reporter-output>
          </reporter-output>
        </test-method> <!-- tearDown -->
        <test-method status="PASS" signature="setup(java.lang.String)[pri:0, instance:com.hcl.magentotest.RegiserTest@72d818d1]" name="setup" is-config="true" duration-ms="6481" started-at="2020-05-07T17:06:31 IST" finished-at="2020-05-07T17:06:38 IST">
          <params>
            <param index="0">
              <value>
                <![CDATA[ch]]>
              </value>
            </param>
          </params>
          <reporter-output>
          </reporter-output>
        </test-method> <!-- setup -->
        <test-method status="PASS" signature="RegistrationTest(java.lang.String, java.lang.String, java.lang.String, java.lang.String)[pri:0, instance:com.hcl.magentotest.RegiserTest@72d818d1]" name="RegistrationTest" duration-ms="4836" started-at="2020-05-07T17:06:38 IST" data-provider="RegistrationData" finished-at="2020-05-07T17:06:42 IST">
          <params>
            <param index="0">
              <value>
                <![CDATA[sasy]]>
              </value>
            </param>
            <param index="1">
              <value>
                <![CDATA[bh]]>
              </value>
            </param>
            <param index="2">
              <value>
                <![CDATA[saayt@gmail.com]]>
              </value>
            </param>
            <param index="3">
              <value>
                <![CDATA[Tech Partner]]>
              </value>
            </param>
          </params>
          <reporter-output>
          </reporter-output>
        </test-method> <!-- RegistrationTest -->
        <test-method status="PASS" signature="tearDown()[pri:0, instance:com.hcl.magentotest.RegiserTest@72d818d1]" name="tearDown" is-config="true" duration-ms="788" started-at="2020-05-07T17:06:42 IST" finished-at="2020-05-07T17:06:43 IST">
          <reporter-output>
          </reporter-output>
        </test-method> <!-- tearDown -->
      </class> <!-- com.hcl.magentotest.RegiserTest -->
      <class name="com.hcl.magentotest.LoginTest">
        <test-method status="PASS" signature="setup(java.lang.String)[pri:0, instance:com.hcl.magentotest.LoginTest@27c20538]" name="setup" is-config="true" duration-ms="7845" started-at="2020-05-07T17:04:12 IST" finished-at="2020-05-07T17:04:20 IST">
          <params>
            <param index="0">
              <value>
                <![CDATA[ch]]>
              </value>
            </param>
          </params>
          <reporter-output>
          </reporter-output>
        </test-method> <!-- setup -->
        <test-method status="PASS" signature="validCredentialTest()[pri:1, instance:com.hcl.magentotest.LoginTest@27c20538]" name="validCredentialTest" duration-ms="14259" started-at="2020-05-07T17:04:20 IST" finished-at="2020-05-07T17:04:34 IST">
          <reporter-output>
          </reporter-output>
        </test-method> <!-- validCredentialTest -->
        <test-method status="PASS" signature="tearDown()[pri:0, instance:com.hcl.magentotest.LoginTest@27c20538]" name="tearDown" is-config="true" duration-ms="806" started-at="2020-05-07T17:04:34 IST" finished-at="2020-05-07T17:04:35 IST">
          <reporter-output>
          </reporter-output>
        </test-method> <!-- tearDown -->
        <test-method status="PASS" signature="setup(java.lang.String)[pri:0, instance:com.hcl.magentotest.LoginTest@27c20538]" name="setup" is-config="true" duration-ms="6886" started-at="2020-05-07T17:04:36 IST" finished-at="2020-05-07T17:04:43 IST">
          <params>
            <param index="0">
              <value>
                <![CDATA[ch]]>
              </value>
            </param>
          </params>
          <reporter-output>
          </reporter-output>
        </test-method> <!-- setup -->
        <test-method status="PASS" signature="invlaidCredentialTest(java.lang.String, java.lang.String, java.lang.String)[pri:2, instance:com.hcl.magentotest.LoginTest@27c20538]" name="invlaidCredentialTest" duration-ms="10310" started-at="2020-05-07T17:04:43 IST" data-provider="invlaidCredentialData" finished-at="2020-05-07T17:04:53 IST">
          <params>
            <param index="0">
              <value>
                <![CDATA[peter@gmail.com]]>
              </value>
            </param>
            <param index="1">
              <value>
                <![CDATA[welcom123]]>
              </value>
            </param>
            <param index="2">
              <value>
                <![CDATA[Invalid login or password.]]>
              </value>
            </param>
          </params>
          <reporter-output>
          </reporter-output>
        </test-method> <!-- invlaidCredentialTest -->
        <test-method status="PASS" signature="tearDown()[pri:0, instance:com.hcl.magentotest.LoginTest@27c20538]" name="tearDown" is-config="true" duration-ms="772" started-at="2020-05-07T17:04:53 IST" finished-at="2020-05-07T17:04:54 IST">
          <reporter-output>
          </reporter-output>
        </test-method> <!-- tearDown -->
        <test-method status="PASS" signature="setup(java.lang.String)[pri:0, instance:com.hcl.magentotest.LoginTest@27c20538]" name="setup" is-config="true" duration-ms="5971" started-at="2020-05-07T17:04:54 IST" finished-at="2020-05-07T17:05:00 IST">
          <params>
            <param index="0">
              <value>
                <![CDATA[ch]]>
              </value>
            </param>
          </params>
          <reporter-output>
          </reporter-output>
        </test-method> <!-- setup -->
        <test-method status="PASS" signature="invlaidCredentialTest(java.lang.String, java.lang.String, java.lang.String)[pri:2, instance:com.hcl.magentotest.LoginTest@27c20538]" name="invlaidCredentialTest" duration-ms="18715" started-at="2020-05-07T17:05:00 IST" data-provider="invlaidCredentialData" finished-at="2020-05-07T17:05:18 IST">
          <params>
            <param index="0">
              <value>
                <![CDATA[asda@gmail.com]]>
              </value>
            </param>
            <param index="1">
              <value>
                <![CDATA[dfdf]]>
              </value>
            </param>
            <param index="2">
              <value>
                <![CDATA[Invalid login or password.]]>
              </value>
            </param>
          </params>
          <reporter-output>
          </reporter-output>
        </test-method> <!-- invlaidCredentialTest -->
        <test-method status="PASS" signature="tearDown()[pri:0, instance:com.hcl.magentotest.LoginTest@27c20538]" name="tearDown" is-config="true" duration-ms="798" started-at="2020-05-07T17:05:18 IST" finished-at="2020-05-07T17:05:19 IST">
          <reporter-output>
          </reporter-output>
        </test-method> <!-- tearDown -->
        <test-method status="PASS" signature="setup(java.lang.String)[pri:0, instance:com.hcl.magentotest.LoginTest@27c20538]" name="setup" is-config="true" duration-ms="7030" started-at="2020-05-07T17:05:19 IST" finished-at="2020-05-07T17:05:26 IST">
          <params>
            <param index="0">
              <value>
                <![CDATA[ch]]>
              </value>
            </param>
          </params>
          <reporter-output>
          </reporter-output>
        </test-method> <!-- setup -->
        <test-method status="PASS" signature="invlaidCredentialTest(java.lang.String, java.lang.String, java.lang.String)[pri:2, instance:com.hcl.magentotest.LoginTest@27c20538]" name="invlaidCredentialTest" duration-ms="10110" started-at="2020-05-07T17:05:26 IST" data-provider="invlaidCredentialData" finished-at="2020-05-07T17:05:36 IST">
          <params>
            <param index="0">
              <value>
                <![CDATA[saddsa@gmail.com]]>
              </value>
            </param>
            <param index="1">
              <value>
                <![CDATA[sds]]>
              </value>
            </param>
            <param index="2">
              <value>
                <![CDATA[Invalid login or password.]]>
              </value>
            </param>
          </params>
          <reporter-output>
          </reporter-output>
        </test-method> <!-- invlaidCredentialTest -->
        <test-method status="PASS" signature="tearDown()[pri:0, instance:com.hcl.magentotest.LoginTest@27c20538]" name="tearDown" is-config="true" duration-ms="757" started-at="2020-05-07T17:05:36 IST" finished-at="2020-05-07T17:05:37 IST">
          <reporter-output>
          </reporter-output>
        </test-method> <!-- tearDown -->
        <test-method status="PASS" signature="setup(java.lang.String)[pri:0, instance:com.hcl.magentotest.LoginTest@27c20538]" name="setup" is-config="true" duration-ms="6434" started-at="2020-05-07T17:05:37 IST" finished-at="2020-05-07T17:05:43 IST">
          <params>
            <param index="0">
              <value>
                <![CDATA[ch]]>
              </value>
            </param>
          </params>
          <reporter-output>
          </reporter-output>
        </test-method> <!-- setup -->
        <test-method status="PASS" signature="invlaidCredentialTest(java.lang.String, java.lang.String, java.lang.String)[pri:2, instance:com.hcl.magentotest.LoginTest@27c20538]" name="invlaidCredentialTest" duration-ms="15874" started-at="2020-05-07T17:05:43 IST" data-provider="invlaidCredentialData" finished-at="2020-05-07T17:05:59 IST">
          <params>
            <param index="0">
              <value>
                <![CDATA[server@gmail.com]]>
              </value>
            </param>
            <param index="1">
              <value>
                <![CDATA[dsffsdf]]>
              </value>
            </param>
            <param index="2">
              <value>
                <![CDATA[Invalid login or password.]]>
              </value>
            </param>
          </params>
          <reporter-output>
          </reporter-output>
        </test-method> <!-- invlaidCredentialTest -->
        <test-method status="PASS" signature="tearDown()[pri:0, instance:com.hcl.magentotest.LoginTest@27c20538]" name="tearDown" is-config="true" duration-ms="773" started-at="2020-05-07T17:05:59 IST" finished-at="2020-05-07T17:06:00 IST">
          <reporter-output>
          </reporter-output>
        </test-method> <!-- tearDown -->
        <test-method status="PASS" signature="setup(java.lang.String)[pri:0, instance:com.hcl.magentotest.LoginTest@27c20538]" name="setup" is-config="true" duration-ms="6649" started-at="2020-05-07T17:06:00 IST" finished-at="2020-05-07T17:06:07 IST">
          <params>
            <param index="0">
              <value>
                <![CDATA[ch]]>
              </value>
            </param>
          </params>
          <reporter-output>
          </reporter-output>
        </test-method> <!-- setup -->
        <test-method status="PASS" signature="invlaidCredentialTest(java.lang.String, java.lang.String, java.lang.String)[pri:2, instance:com.hcl.magentotest.LoginTest@27c20538]" name="invlaidCredentialTest" duration-ms="10449" started-at="2020-05-07T17:06:07 IST" data-provider="invlaidCredentialData" finished-at="2020-05-07T17:06:17 IST">
          <params>
            <param index="0">
              <value>
                <![CDATA[xsads@gmail.com]]>
              </value>
            </param>
            <param index="1">
              <value>
                <![CDATA[dfdfwqe]]>
              </value>
            </param>
            <param index="2">
              <value>
                <![CDATA[Invalid login or password.]]>
              </value>
            </param>
          </params>
          <reporter-output>
          </reporter-output>
        </test-method> <!-- invlaidCredentialTest -->
        <test-method status="PASS" signature="tearDown()[pri:0, instance:com.hcl.magentotest.LoginTest@27c20538]" name="tearDown" is-config="true" duration-ms="760" started-at="2020-05-07T17:06:17 IST" finished-at="2020-05-07T17:06:18 IST">
          <reporter-output>
          </reporter-output>
        </test-method> <!-- tearDown -->
      </class> <!-- com.hcl.magentotest.LoginTest -->
    </test> <!-- Command line test -->
  </suite> <!-- Command line suite -->
</testng-results>
