<?xml version="1.0" encoding="UTF-8"?>
<testng-results skipped="0" failed="0" ignored="0" total="2" passed="2">
  <reporter-output>
  </reporter-output>
  <suite name="Default suite" duration-ms="28071" started-at="2020-05-07T15:52:56 IST" finished-at="2020-05-07T15:53:24 IST">
    <groups>
    </groups>
    <test name="Default test" duration-ms="28071" started-at="2020-05-07T15:52:56 IST" finished-at="2020-05-07T15:53:24 IST">
      <class name="com.hcl.magentotest.RegiserTest">
        <test-method status="PASS" signature="setup(java.lang.String)[pri:0, instance:com.hcl.magentotest.RegiserTest@16f6598]" name="setup" is-config="true" duration-ms="7798" started-at="2020-05-07T15:52:57 IST" finished-at="2020-05-07T15:53:04 IST">
          <params>
            <param index="0">
              <value>
                <![CDATA[ch]]>
              </value>
            </param>
          </params>
          <reporter-output>
          </reporter-output>
        </test-method> <!-- setup -->
        <test-method status="PASS" signature="RegistrationTest(java.lang.String, java.lang.String, java.lang.String, java.lang.String)[pri:0, instance:com.hcl.magentotest.RegiserTest@16f6598]" name="RegistrationTest" duration-ms="5432" started-at="2020-05-07T15:53:04 IST" data-provider="RegistrationData" finished-at="2020-05-07T15:53:10 IST">
          <params>
            <param index="0">
              <value>
                <![CDATA[karthik]]>
              </value>
            </param>
            <param index="1">
              <value>
                <![CDATA[bk]]>
              </value>
            </param>
            <param index="2">
              <value>
                <![CDATA[karthik@gmail.com]]>
              </value>
            </param>
            <param index="3">
              <value>
                <![CDATA[Tech Partner]]>
              </value>
            </param>
          </params>
          <reporter-output>
          </reporter-output>
        </test-method> <!-- RegistrationTest -->
        <test-method status="PASS" signature="tearDown()[pri:0, instance:com.hcl.magentotest.RegiserTest@16f6598]" name="tearDown" is-config="true" duration-ms="790" started-at="2020-05-07T15:53:10 IST" finished-at="2020-05-07T15:53:11 IST">
          <reporter-output>
          </reporter-output>
        </test-method> <!-- tearDown -->
        <test-method status="PASS" signature="setup(java.lang.String)[pri:0, instance:com.hcl.magentotest.RegiserTest@16f6598]" name="setup" is-config="true" duration-ms="7057" started-at="2020-05-07T15:53:11 IST" finished-at="2020-05-07T15:53:18 IST">
          <params>
            <param index="0">
              <value>
                <![CDATA[ch]]>
              </value>
            </param>
          </params>
          <reporter-output>
          </reporter-output>
        </test-method> <!-- setup -->
        <test-method status="PASS" signature="RegistrationTest(java.lang.String, java.lang.String, java.lang.String, java.lang.String)[pri:0, instance:com.hcl.magentotest.RegiserTest@16f6598]" name="RegistrationTest" duration-ms="5050" started-at="2020-05-07T15:53:18 IST" data-provider="RegistrationData" finished-at="2020-05-07T15:53:23 IST">
          <params>
            <param index="0">
              <value>
                <![CDATA[sasy]]>
              </value>
            </param>
            <param index="1">
              <value>
                <![CDATA[bh]]>
              </value>
            </param>
            <param index="2">
              <value>
                <![CDATA[saayt@gmail.com]]>
              </value>
            </param>
            <param index="3">
              <value>
                <![CDATA[Tech Partner]]>
              </value>
            </param>
          </params>
          <reporter-output>
          </reporter-output>
        </test-method> <!-- RegistrationTest -->
        <test-method status="PASS" signature="tearDown()[pri:0, instance:com.hcl.magentotest.RegiserTest@16f6598]" name="tearDown" is-config="true" duration-ms="1207" started-at="2020-05-07T15:53:23 IST" finished-at="2020-05-07T15:53:24 IST">
          <reporter-output>
          </reporter-output>
        </test-method> <!-- tearDown -->
      </class> <!-- com.hcl.magentotest.RegiserTest -->
    </test> <!-- Default test -->
  </suite> <!-- Default suite -->
</testng-results>
